2025-09-20 19:48:20,144 - INFO - 验证文件路径...
2025-09-20 19:48:20,144 - INFO - 所有文件路径验证通过
2025-09-20 19:48:20,144 - INFO - 开始生成PPT文件...
2025-09-20 19:48:20,152 - INFO - 已加载PPT模板: C:\Users\86151\Desktop\巡厂自动PPT\参观路线Gemba20250829.pptx
2025-09-20 19:48:20,152 - INFO - 更新第一页日期...
2025-09-20 19:48:20,153 - INFO - 日期已更新: 20250829 -> 20250920
2025-09-20 19:48:20,153 - INFO - 读取Excel数据...
2025-09-20 19:48:21,217 - INFO - 成功读取 31 行数据
2025-09-20 19:48:21,218 - INFO - 处理第 1/31 行数据...
2025-09-20 19:48:21,221 - INFO - 填充占位符数据...
2025-09-20 19:48:21,221 - INFO - 占位符已更新: - -> 谢佳
2025-09-20 19:48:21,222 - INFO - 占位符已更新: 模具 -> 包装
2025-09-20 19:48:21,222 - INFO - 为分类添加勾选标记: 5S
2025-09-20 19:48:21,223 - INFO - 找到匹配图片: 码垛机器人旁边漏雨 -> 码垛机器人旁边漏雨.jpeg
2025-09-20 19:48:21,355 - INFO - 图片已添加到幻灯片: 码垛机器人旁边漏雨.jpeg
2025-09-20 19:48:21,355 - INFO - 处理第 2/31 行数据...
2025-09-20 19:48:21,359 - INFO - 填充占位符数据...
2025-09-20 19:48:21,359 - INFO - 占位符已更新: - -> 谢佳
2025-09-20 19:48:21,359 - INFO - 占位符已更新: 模具 -> 成品库、空柄库
2025-09-20 19:48:21,360 - INFO - 为分类添加勾选标记: 5S
2025-09-20 19:48:21,360 - INFO - 找到匹配图片: 成品库虚线还要有 -> 成品库虚线还要有.jpeg
2025-09-20 19:48:21,368 - INFO - 图片已添加到幻灯片: 成品库虚线还要有.jpeg
2025-09-20 19:48:21,368 - INFO - 处理第 3/31 行数据...
2025-09-20 19:48:21,371 - INFO - 填充占位符数据...
2025-09-20 19:48:21,371 - INFO - 占位符已更新: - -> 谢佳
2025-09-20 19:48:21,371 - INFO - 占位符已更新: 模具 -> 成品库、空柄库
2025-09-20 19:48:21,372 - INFO - 为分类添加勾选标记: 5S
2025-09-20 19:48:21,372 - INFO - 找到匹配图片: 板台里放了箱子，要分开 -> 板台里放了箱子，要分开.jpeg
2025-09-20 19:48:21,380 - INFO - 图片已添加到幻灯片: 板台里放了箱子，要分开.jpeg
2025-09-20 19:48:21,380 - INFO - 处理第 4/31 行数据...
2025-09-20 19:48:21,384 - INFO - 填充占位符数据...
2025-09-20 19:48:21,384 - INFO - 占位符已更新: - -> 谢佳
2025-09-20 19:48:21,384 - INFO - 占位符已更新: 模具 -> 成品库、空柄库
2025-09-20 19:48:21,385 - INFO - 为分类添加勾选标记: 5S
2025-09-20 19:48:21,385 - INFO - 找到匹配图片: 主路不放木箱 -> 主路不放木箱.jpeg
2025-09-20 19:48:21,393 - INFO - 图片已添加到幻灯片: 主路不放木箱.jpeg
2025-09-20 19:48:21,393 - INFO - 处理第 5/31 行数据...
2025-09-20 19:48:21,397 - INFO - 填充占位符数据...
2025-09-20 19:48:21,397 - INFO - 占位符已更新: - -> 谢佳
2025-09-20 19:48:21,398 - INFO - 占位符已更新: 模具 -> 成品库、空柄库
2025-09-20 19:48:21,398 - INFO - 为分类添加勾选标记: 5S
2025-09-20 19:48:21,399 - INFO - 找到匹配图片: 这个区域少放料 -> 这个区域少放料.jpeg
2025-09-20 19:48:21,407 - INFO - 图片已添加到幻灯片: 这个区域少放料.jpeg
2025-09-20 19:48:21,408 - INFO - 处理第 6/31 行数据...
2025-09-20 19:48:21,411 - INFO - 填充占位符数据...
2025-09-20 19:48:21,411 - INFO - 占位符已更新: - -> 谢佳
2025-09-20 19:48:21,411 - INFO - 占位符已更新: 模具 -> 公共区域
2025-09-20 19:48:21,412 - INFO - 为分类添加勾选标记: Others
2025-09-20 19:48:21,412 - INFO - 找到匹配图片: 餐厅区域，信息公布栏，过期信息 -> 餐厅区域，信息公布栏，过期信息.jpeg
2025-09-20 19:48:21,422 - INFO - 图片已添加到幻灯片: 餐厅区域，信息公布栏，过期信息.jpeg
2025-09-20 19:48:21,422 - INFO - 处理第 7/31 行数据...
2025-09-20 19:48:21,425 - INFO - 填充占位符数据...
2025-09-20 19:48:21,425 - INFO - 占位符已更新: - -> 谢佳
2025-09-20 19:48:21,425 - INFO - 占位符已更新: 模具 -> 公共区域
2025-09-20 19:48:21,425 - INFO - 为分类添加勾选标记: 5S
2025-09-20 19:48:21,426 - INFO - 找到匹配图片: 二期餐厅外面空调挂机铁板锈严重 -> 二期餐厅外面空调挂机铁板锈严重.jpeg
2025-09-20 19:48:21,435 - INFO - 图片已添加到幻灯片: 二期餐厅外面空调挂机铁板锈严重.jpeg
2025-09-20 19:48:21,435 - INFO - 处理第 8/31 行数据...
2025-09-20 19:48:21,438 - INFO - 填充占位符数据...
2025-09-20 19:48:21,438 - INFO - 占位符已更新: - -> 谢佳
2025-09-20 19:48:21,438 - INFO - 占位符已更新: 模具 -> 装配
2025-09-20 19:48:21,439 - INFO - 为分类添加勾选标记: 5S
2025-09-20 19:48:21,439 - INFO - 找到匹配图片: 立牌子，调试中 -> 立牌子，调试中.jpeg
2025-09-20 19:48:21,449 - INFO - 图片已添加到幻灯片: 立牌子，调试中.jpeg
2025-09-20 19:48:21,450 - INFO - 处理第 9/31 行数据...
2025-09-20 19:48:21,453 - INFO - 填充占位符数据...
2025-09-20 19:48:21,453 - INFO - 占位符已更新: - -> 谢佳
2025-09-20 19:48:21,454 - INFO - 占位符已更新: 模具 -> 装配
2025-09-20 19:48:21,454 - INFO - 为分类添加勾选标记: 5S
2025-09-20 19:48:21,455 - INFO - 找到匹配图片: UV贴纸区域，无关物料不能放在现场 -> UV贴纸区域，无关物料不能放在现场.jpeg
2025-09-20 19:48:21,464 - INFO - 图片已添加到幻灯片: UV贴纸区域，无关物料不能放在现场.jpeg
2025-09-20 19:48:21,465 - INFO - 处理第 10/31 行数据...
2025-09-20 19:48:21,467 - INFO - 填充占位符数据...
2025-09-20 19:48:21,468 - INFO - 占位符已更新: - -> 谢佳
2025-09-20 19:48:21,468 - INFO - 占位符已更新: 模具 -> 钳子冷锻
2025-09-20 19:48:21,468 - INFO - 为分类添加勾选标记: 5S
2025-09-20 19:48:21,469 - INFO - 找到匹配图片: 办公室上面的玻璃要擦 -> 办公室上面的玻璃要擦.jpeg
2025-09-20 19:48:21,479 - INFO - 图片已添加到幻灯片: 办公室上面的玻璃要擦.jpeg
2025-09-20 19:48:21,479 - INFO - 处理第 11/31 行数据...
2025-09-20 19:48:21,482 - INFO - 填充占位符数据...
2025-09-20 19:48:21,482 - INFO - 占位符已更新: - -> 谢佳
2025-09-20 19:48:21,482 - INFO - 占位符已更新: 模具 -> 钳子冷锻
2025-09-20 19:48:21,483 - INFO - 为分类添加勾选标记: 5S
2025-09-20 19:48:21,484 - WARNING - 未找到匹配的图片: 油，管子，清理 刷漆
2025-09-20 19:48:21,484 - INFO - 处理第 12/31 行数据...
2025-09-20 19:48:21,487 - INFO - 填充占位符数据...
2025-09-20 19:48:21,487 - INFO - 占位符已更新: - -> 谢佳
2025-09-20 19:48:21,487 - INFO - 占位符已更新: 模具 -> 钳子冷锻
2025-09-20 19:48:21,487 - INFO - 为分类添加勾选标记: 5S
2025-09-20 19:48:21,488 - INFO - 找到匹配图片: 玻璃需要擦 -> 玻璃需要擦.jpeg
2025-09-20 19:48:21,498 - INFO - 图片已添加到幻灯片: 玻璃需要擦.jpeg
2025-09-20 19:48:21,498 - INFO - 处理第 13/31 行数据...
2025-09-20 19:48:21,501 - INFO - 填充占位符数据...
2025-09-20 19:48:21,502 - INFO - 占位符已更新: - -> 谢佳
2025-09-20 19:48:21,502 - INFO - 占位符已更新: 模具 -> 钳子冷锻
2025-09-20 19:48:21,502 - INFO - 为分类添加勾选标记: 5S
2025-09-20 19:48:21,503 - WARNING - 未找到匹配的图片: 这个要看 刷漆
2025-09-20 19:48:21,503 - INFO - 处理第 14/31 行数据...
2025-09-20 19:48:21,506 - INFO - 填充占位符数据...
2025-09-20 19:48:21,506 - INFO - 占位符已更新: - -> 谢佳
2025-09-20 19:48:21,507 - INFO - 占位符已更新: 模具 -> 钳子冷锻
2025-09-20 19:48:21,507 - INFO - 为分类添加勾选标记: 5S
2025-09-20 19:48:21,508 - WARNING - 未找到匹配的图片: 钳子门口  不要放在这个地方
2025-09-20 19:48:21,508 - INFO - 处理第 15/31 行数据...
2025-09-20 19:48:21,511 - INFO - 填充占位符数据...
2025-09-20 19:48:21,511 - INFO - 占位符已更新: - -> 谢佳
2025-09-20 19:48:21,511 - INFO - 占位符已更新: 模具 -> 活扳
2025-09-20 19:48:21,512 - INFO - 为分类添加勾选标记: 5S
2025-09-20 19:48:21,513 - INFO - 找到匹配图片: 刷完漆搬回去 -> 刷完漆搬回去.jpeg
2025-09-20 19:48:21,521 - INFO - 图片已添加到幻灯片: 刷完漆搬回去.jpeg
2025-09-20 19:48:21,521 - INFO - 处理第 16/31 行数据...
2025-09-20 19:48:21,524 - INFO - 填充占位符数据...
2025-09-20 19:48:21,524 - INFO - 占位符已更新: - -> 谢佳
2025-09-20 19:48:21,525 - INFO - 占位符已更新: 模具 -> 机加工(含刀具)
2025-09-20 19:48:21,525 - INFO - 为分类添加勾选标记: 5S
2025-09-20 19:48:21,526 - INFO - 找到匹配图片: 漏雨点 -> 漏雨点.jpeg
2025-09-20 19:48:21,533 - INFO - 图片已添加到幻灯片: 漏雨点.jpeg
2025-09-20 19:48:21,533 - INFO - 处理第 17/31 行数据...
2025-09-20 19:48:21,536 - INFO - 填充占位符数据...
2025-09-20 19:48:21,536 - INFO - 占位符已更新: - -> 谢佳
2025-09-20 19:48:21,537 - INFO - 占位符已更新: 模具 -> 机加工(含刀具)
2025-09-20 19:48:21,537 - INFO - 为分类添加勾选标记: 5S
2025-09-20 19:48:21,538 - INFO - 找到匹配图片: 补漆 -> 补漆.jpeg
2025-09-20 19:48:21,546 - INFO - 图片已添加到幻灯片: 补漆.jpeg
2025-09-20 19:48:21,546 - INFO - 处理第 18/31 行数据...
2025-09-20 19:48:21,548 - INFO - 填充占位符数据...
2025-09-20 19:48:21,549 - INFO - 占位符已更新: - -> 谢佳
2025-09-20 19:48:21,549 - INFO - 占位符已更新: 模具 -> 公共区域
2025-09-20 19:48:21,549 - INFO - 为分类添加勾选标记: 5S
2025-09-20 19:48:21,550 - INFO - 找到匹配图片: 二期门口雨伞架钥匙生锈 -> 二期门口雨伞架钥匙生锈.jpeg
2025-09-20 19:48:21,558 - INFO - 图片已添加到幻灯片: 二期门口雨伞架钥匙生锈.jpeg
2025-09-20 19:48:21,559 - INFO - 处理第 19/31 行数据...
2025-09-20 19:48:21,561 - INFO - 填充占位符数据...
2025-09-20 19:48:21,562 - INFO - 占位符已更新: - -> 谢佳
2025-09-20 19:48:21,562 - INFO - 占位符已更新: 模具 -> 电镀
2025-09-20 19:48:21,562 - INFO - 为分类添加勾选标记: 5S
2025-09-20 19:48:21,563 - INFO - 找到匹配图片: 漏雨，电镀门口 -> 漏雨，电镀门口.jpeg
2025-09-20 19:48:21,573 - INFO - 图片已添加到幻灯片: 漏雨，电镀门口.jpeg
2025-09-20 19:48:21,573 - INFO - 处理第 20/31 行数据...
2025-09-20 19:48:21,576 - INFO - 填充占位符数据...
2025-09-20 19:48:21,576 - INFO - 占位符已更新: - -> 谢佳
2025-09-20 19:48:21,576 - INFO - 占位符已更新: 模具 -> 电镀
2025-09-20 19:48:21,577 - INFO - 为分类添加勾选标记: 5S
2025-09-20 19:48:21,577 - INFO - 找到匹配图片: 这里需要包 -> 这里需要包.jpeg
2025-09-20 19:48:21,587 - INFO - 图片已添加到幻灯片: 这里需要包.jpeg
2025-09-20 19:48:21,587 - INFO - 处理第 21/31 行数据...
2025-09-20 19:48:21,590 - INFO - 填充占位符数据...
2025-09-20 19:48:21,590 - INFO - 占位符已更新: - -> 谢佳
2025-09-20 19:48:21,590 - INFO - 占位符已更新: 模具 -> 电镀
2025-09-20 19:48:21,591 - INFO - 为分类添加勾选标记: 5S
2025-09-20 19:48:21,591 - INFO - 找到匹配图片: 自动加药区域进展中，下周再来看 -> 自动加药区域进展中，下周再来看.jpeg
2025-09-20 19:48:21,601 - INFO - 图片已添加到幻灯片: 自动加药区域进展中，下周再来看.jpeg
2025-09-20 19:48:21,601 - INFO - 处理第 22/31 行数据...
2025-09-20 19:48:21,604 - INFO - 填充占位符数据...
2025-09-20 19:48:21,604 - INFO - 占位符已更新: - -> 谢佳
2025-09-20 19:48:21,604 - INFO - 占位符已更新: 模具 -> 电镀
2025-09-20 19:48:21,605 - INFO - 为分类添加勾选标记: 5S
2025-09-20 19:48:21,605 - INFO - 找到匹配图片: AGV会看该区域 -> AGV会看该区域.jpeg
2025-09-20 19:48:21,614 - INFO - 图片已添加到幻灯片: AGV会看该区域.jpeg
2025-09-20 19:48:21,614 - INFO - 处理第 23/31 行数据...
2025-09-20 19:48:21,616 - INFO - 填充占位符数据...
2025-09-20 19:48:21,617 - INFO - 占位符已更新: - -> 谢佳
2025-09-20 19:48:21,617 - INFO - 占位符已更新: 模具 -> 电镀
2025-09-20 19:48:21,617 - INFO - 为分类添加勾选标记: 5S
2025-09-20 19:48:21,618 - INFO - 找到匹配图片: 电镀漏雨点 -> 电镀漏雨点.jpeg
2025-09-20 19:48:21,626 - INFO - 图片已添加到幻灯片: 电镀漏雨点.jpeg
2025-09-20 19:48:21,627 - INFO - 处理第 24/31 行数据...
2025-09-20 19:48:21,629 - INFO - 填充占位符数据...
2025-09-20 19:48:21,630 - INFO - 占位符已更新: - -> 谢佳
2025-09-20 19:48:21,630 - INFO - 占位符已更新: 模具 -> 电镀
2025-09-20 19:48:21,630 - INFO - 为分类添加勾选标记: 5S
2025-09-20 19:48:21,631 - INFO - 找到匹配图片: 下雨，水帘洞 -> 下雨，水帘洞.jpeg
2025-09-20 19:48:21,639 - INFO - 图片已添加到幻灯片: 下雨，水帘洞.jpeg
2025-09-20 19:48:21,640 - INFO - 处理第 25/31 行数据...
2025-09-20 19:48:21,642 - INFO - 填充占位符数据...
2025-09-20 19:48:21,643 - INFO - 占位符已更新: - -> 谢佳
2025-09-20 19:48:21,643 - INFO - 占位符已更新: 模具 -> 电镀
2025-09-20 19:48:21,643 - INFO - 为分类添加勾选标记: 5S
2025-09-20 19:48:21,644 - INFO - 找到匹配图片: 需要换 -> 需要换.jpeg
2025-09-20 19:48:21,653 - INFO - 图片已添加到幻灯片: 需要换.jpeg
2025-09-20 19:48:21,653 - INFO - 处理第 26/31 行数据...
2025-09-20 19:48:21,656 - INFO - 填充占位符数据...
2025-09-20 19:48:21,656 - INFO - 占位符已更新: - -> 谢佳
2025-09-20 19:48:21,656 - INFO - 占位符已更新: 模具 -> 锻造（含下料）
2025-09-20 19:48:21,657 - INFO - 为分类添加勾选标记: 5S
2025-09-20 19:48:21,657 - INFO - 找到匹配图片: 锻造漏雨点 -> 锻造漏雨点.jpeg
2025-09-20 19:48:21,667 - INFO - 图片已添加到幻灯片: 锻造漏雨点.jpeg
2025-09-20 19:48:21,667 - INFO - 处理第 27/31 行数据...
2025-09-20 19:48:21,670 - INFO - 填充占位符数据...
2025-09-20 19:48:21,671 - INFO - 占位符已更新: - -> 谢佳
2025-09-20 19:48:21,671 - INFO - 占位符已更新: 模具 -> 锻造（含下料）
2025-09-20 19:48:21,671 - INFO - 为分类添加勾选标记: 5S
2025-09-20 19:48:21,672 - INFO - 找到匹配图片: 重新包一下 -> 重新包一下.jpeg
2025-09-20 19:48:21,679 - INFO - 图片已添加到幻灯片: 重新包一下.jpeg
2025-09-20 19:48:21,679 - INFO - 处理第 28/31 行数据...
2025-09-20 19:48:21,682 - INFO - 填充占位符数据...
2025-09-20 19:48:21,682 - INFO - 占位符已更新: - -> 谢佳
2025-09-20 19:48:21,682 - INFO - 占位符已更新: 模具 -> 锻造（含下料）
2025-09-20 19:48:21,682 - INFO - 为分类添加勾选标记: Others
2025-09-20 19:48:21,683 - INFO - 找到匹配图片: 锻造看板上没有问题显示 -> 锻造看板上没有问题显示.jpeg
2025-09-20 19:48:21,691 - INFO - 图片已添加到幻灯片: 锻造看板上没有问题显示.jpeg
2025-09-20 19:48:21,691 - INFO - 处理第 29/31 行数据...
2025-09-20 19:48:21,693 - INFO - 填充占位符数据...
2025-09-20 19:48:21,694 - INFO - 占位符已更新: - -> 谢佳
2025-09-20 19:48:21,694 - INFO - 占位符已更新: 模具 -> 锻造（含下料）
2025-09-20 19:48:21,694 - INFO - 为分类添加勾选标记: 5S
2025-09-20 19:48:21,695 - INFO - 找到匹配图片: 锻造看板需要更新 -> 锻造看板需要更新.jpeg
2025-09-20 19:48:21,704 - INFO - 图片已添加到幻灯片: 锻造看板需要更新.jpeg
2025-09-20 19:48:21,704 - INFO - 处理第 30/31 行数据...
2025-09-20 19:48:21,707 - INFO - 填充占位符数据...
2025-09-20 19:48:21,707 - INFO - 占位符已更新: - -> 谢佳
2025-09-20 19:48:21,707 - INFO - 占位符已更新: 模具 -> 公共区域
2025-09-20 19:48:21,709 - INFO - 为分类添加勾选标记: 5S
2025-09-20 19:48:21,709 - WARNING - 未找到匹配的图片: 餐厅 框子清理，宣传栏擦，垃圾桶擦
2025-09-20 19:48:21,710 - INFO - 处理第 31/31 行数据...
2025-09-20 19:48:21,712 - INFO - 填充占位符数据...
2025-09-20 19:48:21,712 - INFO - 占位符已更新: - -> 谢佳
2025-09-20 19:48:21,712 - INFO - 占位符已更新: 模具 -> 成品库、空柄库
2025-09-20 19:48:21,713 - INFO - 为分类添加勾选标记: 5S
2025-09-20 19:48:21,713 - INFO - 找到匹配图片: 成品库板台不能放太多 -> 成品库板台不能放太多.jpeg
2025-09-20 19:48:21,724 - INFO - 图片已添加到幻灯片: 成品库板台不能放太多.jpeg
2025-09-20 19:48:21,724 - ERROR - 生成PPT时发生错误: Element is not a child of this node.
2025-09-20 19:48:21,725 - ERROR - 程序执行失败: Element is not a child of this node.
2025-09-20 19:49:24,667 - INFO - 验证文件路径...
2025-09-20 19:49:24,667 - INFO - 所有文件路径验证通过
2025-09-20 19:49:24,667 - INFO - 开始生成PPT文件...
2025-09-20 19:49:24,672 - INFO - 已加载PPT模板: C:\Users\86151\Desktop\巡厂自动PPT\参观路线Gemba20250829.pptx
2025-09-20 19:49:24,672 - INFO - 更新第一页日期...
2025-09-20 19:49:24,673 - INFO - 日期已更新: 20250829 -> 20250920
2025-09-20 19:49:24,673 - INFO - 读取Excel数据...
2025-09-20 19:49:24,793 - INFO - 成功读取 31 行数据
2025-09-20 19:49:24,794 - INFO - 处理第 1/31 行数据...
2025-09-20 19:49:24,798 - INFO - 填充占位符数据...
2025-09-20 19:49:24,798 - INFO - 占位符已更新: - -> 谢佳
2025-09-20 19:49:24,798 - INFO - 占位符已更新: 模具 -> 包装
2025-09-20 19:49:24,799 - INFO - 为分类添加勾选标记: 5S
2025-09-20 19:49:24,799 - INFO - 找到匹配图片: 码垛机器人旁边漏雨 -> 码垛机器人旁边漏雨.jpeg
2025-09-20 19:49:24,809 - INFO - 图片已添加到幻灯片: 码垛机器人旁边漏雨.jpeg
2025-09-20 19:49:24,809 - INFO - 处理第 2/31 行数据...
2025-09-20 19:49:24,812 - INFO - 填充占位符数据...
2025-09-20 19:49:24,812 - INFO - 占位符已更新: - -> 谢佳
2025-09-20 19:49:24,813 - INFO - 占位符已更新: 模具 -> 成品库、空柄库
2025-09-20 19:49:24,813 - INFO - 为分类添加勾选标记: 5S
2025-09-20 19:49:24,814 - INFO - 找到匹配图片: 成品库虚线还要有 -> 成品库虚线还要有.jpeg
2025-09-20 19:49:24,815 - INFO - 图片已添加到幻灯片: 成品库虚线还要有.jpeg
2025-09-20 19:49:24,816 - INFO - 处理第 3/31 行数据...
2025-09-20 19:49:24,818 - INFO - 填充占位符数据...
2025-09-20 19:49:24,819 - INFO - 占位符已更新: - -> 谢佳
2025-09-20 19:49:24,819 - INFO - 占位符已更新: 模具 -> 成品库、空柄库
2025-09-20 19:49:24,819 - INFO - 为分类添加勾选标记: 5S
2025-09-20 19:49:24,820 - INFO - 找到匹配图片: 板台里放了箱子，要分开 -> 板台里放了箱子，要分开.jpeg
2025-09-20 19:49:24,822 - INFO - 图片已添加到幻灯片: 板台里放了箱子，要分开.jpeg
2025-09-20 19:49:24,822 - INFO - 处理第 4/31 行数据...
2025-09-20 19:49:24,826 - INFO - 填充占位符数据...
2025-09-20 19:49:24,827 - INFO - 占位符已更新: - -> 谢佳
2025-09-20 19:49:24,827 - INFO - 占位符已更新: 模具 -> 成品库、空柄库
2025-09-20 19:49:24,827 - INFO - 为分类添加勾选标记: 5S
2025-09-20 19:49:24,828 - INFO - 找到匹配图片: 主路不放木箱 -> 主路不放木箱.jpeg
2025-09-20 19:49:24,831 - INFO - 图片已添加到幻灯片: 主路不放木箱.jpeg
2025-09-20 19:49:24,831 - INFO - 处理第 5/31 行数据...
2025-09-20 19:49:24,836 - INFO - 填充占位符数据...
2025-09-20 19:49:24,836 - INFO - 占位符已更新: - -> 谢佳
2025-09-20 19:49:24,836 - INFO - 占位符已更新: 模具 -> 成品库、空柄库
2025-09-20 19:49:24,837 - INFO - 为分类添加勾选标记: 5S
2025-09-20 19:49:24,838 - INFO - 找到匹配图片: 这个区域少放料 -> 这个区域少放料.jpeg
2025-09-20 19:49:24,841 - INFO - 图片已添加到幻灯片: 这个区域少放料.jpeg
2025-09-20 19:49:24,841 - INFO - 处理第 6/31 行数据...
2025-09-20 19:49:24,847 - INFO - 填充占位符数据...
2025-09-20 19:49:24,847 - INFO - 占位符已更新: - -> 谢佳
2025-09-20 19:49:24,847 - INFO - 占位符已更新: 模具 -> 公共区域
2025-09-20 19:49:24,848 - INFO - 为分类添加勾选标记: Others
2025-09-20 19:49:24,848 - INFO - 找到匹配图片: 餐厅区域，信息公布栏，过期信息 -> 餐厅区域，信息公布栏，过期信息.jpeg
2025-09-20 19:49:24,850 - INFO - 图片已添加到幻灯片: 餐厅区域，信息公布栏，过期信息.jpeg
2025-09-20 19:49:24,850 - INFO - 处理第 7/31 行数据...
2025-09-20 19:49:24,854 - INFO - 填充占位符数据...
2025-09-20 19:49:24,854 - INFO - 占位符已更新: - -> 谢佳
2025-09-20 19:49:24,854 - INFO - 占位符已更新: 模具 -> 公共区域
2025-09-20 19:49:24,855 - INFO - 为分类添加勾选标记: 5S
2025-09-20 19:49:24,856 - INFO - 找到匹配图片: 二期餐厅外面空调挂机铁板锈严重 -> 二期餐厅外面空调挂机铁板锈严重.jpeg
2025-09-20 19:49:24,857 - INFO - 图片已添加到幻灯片: 二期餐厅外面空调挂机铁板锈严重.jpeg
2025-09-20 19:49:24,858 - INFO - 处理第 8/31 行数据...
2025-09-20 19:49:24,860 - INFO - 填充占位符数据...
2025-09-20 19:49:24,860 - INFO - 占位符已更新: - -> 谢佳
2025-09-20 19:49:24,861 - INFO - 占位符已更新: 模具 -> 装配
2025-09-20 19:49:24,861 - INFO - 为分类添加勾选标记: 5S
2025-09-20 19:49:24,862 - INFO - 找到匹配图片: 立牌子，调试中 -> 立牌子，调试中.jpeg
2025-09-20 19:49:24,863 - INFO - 图片已添加到幻灯片: 立牌子，调试中.jpeg
2025-09-20 19:49:24,864 - INFO - 处理第 9/31 行数据...
2025-09-20 19:49:24,866 - INFO - 填充占位符数据...
2025-09-20 19:49:24,866 - INFO - 占位符已更新: - -> 谢佳
2025-09-20 19:49:24,867 - INFO - 占位符已更新: 模具 -> 装配
2025-09-20 19:49:24,867 - INFO - 为分类添加勾选标记: 5S
2025-09-20 19:49:24,868 - INFO - 找到匹配图片: UV贴纸区域，无关物料不能放在现场 -> UV贴纸区域，无关物料不能放在现场.jpeg
2025-09-20 19:49:24,871 - INFO - 图片已添加到幻灯片: UV贴纸区域，无关物料不能放在现场.jpeg
2025-09-20 19:49:24,871 - INFO - 处理第 10/31 行数据...
2025-09-20 19:49:24,874 - INFO - 填充占位符数据...
2025-09-20 19:49:24,874 - INFO - 占位符已更新: - -> 谢佳
2025-09-20 19:49:24,874 - INFO - 占位符已更新: 模具 -> 钳子冷锻
2025-09-20 19:49:24,875 - INFO - 为分类添加勾选标记: 5S
2025-09-20 19:49:24,876 - INFO - 找到匹配图片: 办公室上面的玻璃要擦 -> 办公室上面的玻璃要擦.jpeg
2025-09-20 19:49:24,878 - INFO - 图片已添加到幻灯片: 办公室上面的玻璃要擦.jpeg
2025-09-20 19:49:24,878 - INFO - 处理第 11/31 行数据...
2025-09-20 19:49:24,880 - INFO - 填充占位符数据...
2025-09-20 19:49:24,881 - INFO - 占位符已更新: - -> 谢佳
2025-09-20 19:49:24,881 - INFO - 占位符已更新: 模具 -> 钳子冷锻
2025-09-20 19:49:24,881 - INFO - 为分类添加勾选标记: 5S
2025-09-20 19:49:24,882 - WARNING - 未找到匹配的图片: 油，管子，清理 刷漆
2025-09-20 19:49:24,882 - INFO - 处理第 12/31 行数据...
2025-09-20 19:49:24,885 - INFO - 填充占位符数据...
2025-09-20 19:49:24,885 - INFO - 占位符已更新: - -> 谢佳
2025-09-20 19:49:24,886 - INFO - 占位符已更新: 模具 -> 钳子冷锻
2025-09-20 19:49:24,886 - INFO - 为分类添加勾选标记: 5S
2025-09-20 19:49:24,887 - INFO - 找到匹配图片: 玻璃需要擦 -> 玻璃需要擦.jpeg
2025-09-20 19:49:24,889 - INFO - 图片已添加到幻灯片: 玻璃需要擦.jpeg
2025-09-20 19:49:24,889 - INFO - 处理第 13/31 行数据...
2025-09-20 19:49:24,891 - INFO - 填充占位符数据...
2025-09-20 19:49:24,892 - INFO - 占位符已更新: - -> 谢佳
2025-09-20 19:49:24,892 - INFO - 占位符已更新: 模具 -> 钳子冷锻
2025-09-20 19:49:24,892 - INFO - 为分类添加勾选标记: 5S
2025-09-20 19:49:24,893 - WARNING - 未找到匹配的图片: 这个要看 刷漆
2025-09-20 19:49:24,893 - INFO - 处理第 14/31 行数据...
2025-09-20 19:49:24,896 - INFO - 填充占位符数据...
2025-09-20 19:49:24,896 - INFO - 占位符已更新: - -> 谢佳
2025-09-20 19:49:24,896 - INFO - 占位符已更新: 模具 -> 钳子冷锻
2025-09-20 19:49:24,896 - INFO - 为分类添加勾选标记: 5S
2025-09-20 19:49:24,897 - WARNING - 未找到匹配的图片: 钳子门口  不要放在这个地方
2025-09-20 19:49:24,897 - INFO - 处理第 15/31 行数据...
2025-09-20 19:49:24,900 - INFO - 填充占位符数据...
2025-09-20 19:49:24,900 - INFO - 占位符已更新: - -> 谢佳
2025-09-20 19:49:24,900 - INFO - 占位符已更新: 模具 -> 活扳
2025-09-20 19:49:24,900 - INFO - 为分类添加勾选标记: 5S
2025-09-20 19:49:24,901 - INFO - 找到匹配图片: 刷完漆搬回去 -> 刷完漆搬回去.jpeg
2025-09-20 19:49:24,903 - INFO - 图片已添加到幻灯片: 刷完漆搬回去.jpeg
2025-09-20 19:49:24,904 - INFO - 处理第 16/31 行数据...
2025-09-20 19:49:24,906 - INFO - 填充占位符数据...
2025-09-20 19:49:24,906 - INFO - 占位符已更新: - -> 谢佳
2025-09-20 19:49:24,907 - INFO - 占位符已更新: 模具 -> 机加工(含刀具)
2025-09-20 19:49:24,907 - INFO - 为分类添加勾选标记: 5S
2025-09-20 19:49:24,908 - INFO - 找到匹配图片: 漏雨点 -> 漏雨点.jpeg
2025-09-20 19:49:24,910 - INFO - 图片已添加到幻灯片: 漏雨点.jpeg
2025-09-20 19:49:24,910 - INFO - 处理第 17/31 行数据...
2025-09-20 19:49:24,912 - INFO - 填充占位符数据...
2025-09-20 19:49:24,913 - INFO - 占位符已更新: - -> 谢佳
2025-09-20 19:49:24,913 - INFO - 占位符已更新: 模具 -> 机加工(含刀具)
2025-09-20 19:49:24,913 - INFO - 为分类添加勾选标记: 5S
2025-09-20 19:49:24,914 - INFO - 找到匹配图片: 补漆 -> 补漆.jpeg
2025-09-20 19:49:24,916 - INFO - 图片已添加到幻灯片: 补漆.jpeg
2025-09-20 19:49:24,916 - INFO - 处理第 18/31 行数据...
2025-09-20 19:49:24,918 - INFO - 填充占位符数据...
2025-09-20 19:49:24,919 - INFO - 占位符已更新: - -> 谢佳
2025-09-20 19:49:24,919 - INFO - 占位符已更新: 模具 -> 公共区域
2025-09-20 19:49:24,919 - INFO - 为分类添加勾选标记: 5S
2025-09-20 19:49:24,921 - INFO - 找到匹配图片: 二期门口雨伞架钥匙生锈 -> 二期门口雨伞架钥匙生锈.jpeg
2025-09-20 19:49:24,923 - INFO - 图片已添加到幻灯片: 二期门口雨伞架钥匙生锈.jpeg
2025-09-20 19:49:24,924 - INFO - 处理第 19/31 行数据...
2025-09-20 19:49:24,926 - INFO - 填充占位符数据...
2025-09-20 19:49:24,926 - INFO - 占位符已更新: - -> 谢佳
2025-09-20 19:49:24,927 - INFO - 占位符已更新: 模具 -> 电镀
2025-09-20 19:49:24,927 - INFO - 为分类添加勾选标记: 5S
2025-09-20 19:49:24,927 - INFO - 找到匹配图片: 漏雨，电镀门口 -> 漏雨，电镀门口.jpeg
2025-09-20 19:49:24,929 - INFO - 图片已添加到幻灯片: 漏雨，电镀门口.jpeg
2025-09-20 19:49:24,930 - INFO - 处理第 20/31 行数据...
2025-09-20 19:49:24,932 - INFO - 填充占位符数据...
2025-09-20 19:49:24,932 - INFO - 占位符已更新: - -> 谢佳
2025-09-20 19:49:24,933 - INFO - 占位符已更新: 模具 -> 电镀
2025-09-20 19:49:24,933 - INFO - 为分类添加勾选标记: 5S
2025-09-20 19:49:24,933 - INFO - 找到匹配图片: 这里需要包 -> 这里需要包.jpeg
2025-09-20 19:49:24,936 - INFO - 图片已添加到幻灯片: 这里需要包.jpeg
2025-09-20 19:49:24,936 - INFO - 处理第 21/31 行数据...
2025-09-20 19:49:24,939 - INFO - 填充占位符数据...
2025-09-20 19:49:24,940 - INFO - 占位符已更新: - -> 谢佳
2025-09-20 19:49:24,940 - INFO - 占位符已更新: 模具 -> 电镀
2025-09-20 19:49:24,940 - INFO - 为分类添加勾选标记: 5S
2025-09-20 19:49:24,941 - INFO - 找到匹配图片: 自动加药区域进展中，下周再来看 -> 自动加药区域进展中，下周再来看.jpeg
2025-09-20 19:49:24,943 - INFO - 图片已添加到幻灯片: 自动加药区域进展中，下周再来看.jpeg
2025-09-20 19:49:24,943 - INFO - 处理第 22/31 行数据...
2025-09-20 19:49:24,946 - INFO - 填充占位符数据...
2025-09-20 19:49:24,946 - INFO - 占位符已更新: - -> 谢佳
2025-09-20 19:49:24,946 - INFO - 占位符已更新: 模具 -> 电镀
2025-09-20 19:49:24,946 - INFO - 为分类添加勾选标记: 5S
2025-09-20 19:49:24,947 - INFO - 找到匹配图片: AGV会看该区域 -> AGV会看该区域.jpeg
2025-09-20 19:49:24,949 - INFO - 图片已添加到幻灯片: AGV会看该区域.jpeg
2025-09-20 19:49:24,949 - INFO - 处理第 23/31 行数据...
2025-09-20 19:49:24,953 - INFO - 填充占位符数据...
2025-09-20 19:49:24,953 - INFO - 占位符已更新: - -> 谢佳
2025-09-20 19:49:24,953 - INFO - 占位符已更新: 模具 -> 电镀
2025-09-20 19:49:24,953 - INFO - 为分类添加勾选标记: 5S
2025-09-20 19:49:24,954 - INFO - 找到匹配图片: 电镀漏雨点 -> 电镀漏雨点.jpeg
2025-09-20 19:49:24,956 - INFO - 图片已添加到幻灯片: 电镀漏雨点.jpeg
2025-09-20 19:49:24,956 - INFO - 处理第 24/31 行数据...
2025-09-20 19:49:24,959 - INFO - 填充占位符数据...
2025-09-20 19:49:24,959 - INFO - 占位符已更新: - -> 谢佳
2025-09-20 19:49:24,960 - INFO - 占位符已更新: 模具 -> 电镀
2025-09-20 19:49:24,960 - INFO - 为分类添加勾选标记: 5S
2025-09-20 19:49:24,961 - INFO - 找到匹配图片: 下雨，水帘洞 -> 下雨，水帘洞.jpeg
2025-09-20 19:49:24,963 - INFO - 图片已添加到幻灯片: 下雨，水帘洞.jpeg
2025-09-20 19:49:24,963 - INFO - 处理第 25/31 行数据...
2025-09-20 19:49:24,967 - INFO - 填充占位符数据...
2025-09-20 19:49:24,967 - INFO - 占位符已更新: - -> 谢佳
2025-09-20 19:49:24,967 - INFO - 占位符已更新: 模具 -> 电镀
2025-09-20 19:49:24,968 - INFO - 为分类添加勾选标记: 5S
2025-09-20 19:49:24,968 - INFO - 找到匹配图片: 需要换 -> 需要换.jpeg
2025-09-20 19:49:24,970 - INFO - 图片已添加到幻灯片: 需要换.jpeg
2025-09-20 19:49:24,970 - INFO - 处理第 26/31 行数据...
2025-09-20 19:49:24,972 - INFO - 填充占位符数据...
2025-09-20 19:49:24,973 - INFO - 占位符已更新: - -> 谢佳
2025-09-20 19:49:24,973 - INFO - 占位符已更新: 模具 -> 锻造（含下料）
2025-09-20 19:49:24,973 - INFO - 为分类添加勾选标记: 5S
2025-09-20 19:49:24,974 - INFO - 找到匹配图片: 锻造漏雨点 -> 锻造漏雨点.jpeg
2025-09-20 19:49:24,977 - INFO - 图片已添加到幻灯片: 锻造漏雨点.jpeg
2025-09-20 19:49:24,977 - INFO - 处理第 27/31 行数据...
2025-09-20 19:49:24,979 - INFO - 填充占位符数据...
2025-09-20 19:49:24,979 - INFO - 占位符已更新: - -> 谢佳
2025-09-20 19:49:24,980 - INFO - 占位符已更新: 模具 -> 锻造（含下料）
2025-09-20 19:49:24,980 - INFO - 为分类添加勾选标记: 5S
2025-09-20 19:49:24,981 - INFO - 找到匹配图片: 重新包一下 -> 重新包一下.jpeg
2025-09-20 19:49:24,983 - INFO - 图片已添加到幻灯片: 重新包一下.jpeg
2025-09-20 19:49:24,983 - INFO - 处理第 28/31 行数据...
2025-09-20 19:49:24,986 - INFO - 填充占位符数据...
2025-09-20 19:49:24,986 - INFO - 占位符已更新: - -> 谢佳
2025-09-20 19:49:24,986 - INFO - 占位符已更新: 模具 -> 锻造（含下料）
2025-09-20 19:49:24,987 - INFO - 为分类添加勾选标记: Others
2025-09-20 19:49:24,987 - INFO - 找到匹配图片: 锻造看板上没有问题显示 -> 锻造看板上没有问题显示.jpeg
2025-09-20 19:49:24,990 - INFO - 图片已添加到幻灯片: 锻造看板上没有问题显示.jpeg
2025-09-20 19:49:24,990 - INFO - 处理第 29/31 行数据...
2025-09-20 19:49:24,992 - INFO - 填充占位符数据...
2025-09-20 19:49:24,993 - INFO - 占位符已更新: - -> 谢佳
2025-09-20 19:49:24,993 - INFO - 占位符已更新: 模具 -> 锻造（含下料）
2025-09-20 19:49:24,993 - INFO - 为分类添加勾选标记: 5S
2025-09-20 19:49:24,994 - INFO - 找到匹配图片: 锻造看板需要更新 -> 锻造看板需要更新.jpeg
2025-09-20 19:49:24,996 - INFO - 图片已添加到幻灯片: 锻造看板需要更新.jpeg
2025-09-20 19:49:24,996 - INFO - 处理第 30/31 行数据...
2025-09-20 19:49:25,000 - INFO - 填充占位符数据...
2025-09-20 19:49:25,000 - INFO - 占位符已更新: - -> 谢佳
2025-09-20 19:49:25,000 - INFO - 占位符已更新: 模具 -> 公共区域
2025-09-20 19:49:25,001 - INFO - 为分类添加勾选标记: 5S
2025-09-20 19:49:25,001 - WARNING - 未找到匹配的图片: 餐厅 框子清理，宣传栏擦，垃圾桶擦
2025-09-20 19:49:25,002 - INFO - 处理第 31/31 行数据...
2025-09-20 19:49:25,004 - INFO - 填充占位符数据...
2025-09-20 19:49:25,004 - INFO - 占位符已更新: - -> 谢佳
2025-09-20 19:49:25,005 - INFO - 占位符已更新: 模具 -> 成品库、空柄库
2025-09-20 19:49:25,005 - INFO - 为分类添加勾选标记: 5S
2025-09-20 19:49:25,006 - INFO - 找到匹配图片: 成品库板台不能放太多 -> 成品库板台不能放太多.jpeg
2025-09-20 19:49:25,008 - INFO - 图片已添加到幻灯片: 成品库板台不能放太多.jpeg
2025-09-20 19:49:25,008 - ERROR - 生成PPT时发生错误: Element is not a child of this node.
2025-09-20 19:49:25,008 - ERROR - 程序执行失败: Element is not a child of this node.
2025-09-21 11:39:02,344 - INFO - 验证文件路径...
2025-09-21 11:39:02,344 - ERROR - 程序执行失败: PPT模板文件不存在: C:\Users\86151\Desktop\巡厂自动PPT\参观路线Gemba20250829.pptx
